INFO:root:Страница Магазина
INFO:werkzeug: * Running on http://127.0.0.1:5000/ (Press CTRL+C to quit)
INFO:werkzeug:127.0.0.1 - - [13/Mar/2022 15:06:24] "GET / HTTP/1.1" 200 -
INFO:werkzeug:127.0.0.1 - - [13/Mar/2022 15:06:24] "[33mGET /static/style.css HTTP/1.1[0m" 404 -
INFO:root:Выполняется поиск
ERROR:main:Exception on /search [GET]
Traceback (most recent call last):
  File "C:\Users\wseqasyy\PycharmProjects\pythonProject5\venv\lib\site-packages\flask\app.py", line 2073, in wsgi_app
    response = self.full_dispatch_request()
  File "C:\Users\wseqasyy\PycharmProjects\pythonProject5\venv\lib\site-packages\flask\app.py", line 1518, in full_dispatch_request
    rv = self.handle_user_exception(e)
  File "C:\Users\wseqasyy\PycharmProjects\pythonProject5\venv\lib\site-packages\flask\app.py", line 1516, in full_dispatch_request
    rv = self.dispatch_request()
  File "C:\Users\wseqasyy\PycharmProjects\pythonProject5\venv\lib\site-packages\flask\app.py", line 1502, in dispatch_request
    return self.ensure_sync(self.view_functions[rule.endpoint])(**req.view_args)
  File "C:\Users\wseqasyy\PycharmProjects\pythonProject5\main\views.py", line 22, in search_page
    posts = posts_handler.search_posts_for_substring(s)
  File "C:\Users\wseqasyy\PycharmProjects\pythonProject5\utils.py", line 29, in search_posts_for_substring
    if substring_lower in post["content"].lower():
AttributeError: 'int' object has no attribute 'lower'
INFO:werkzeug:127.0.0.1 - - [13/Mar/2022 15:06:28] "[35m[1mGET /search?s=кот HTTP/1.1[0m" 500 -
